[0.459s] Invoking command in '/home/leopan/Programming/ros-ws-2026/src/teleop': PYTHONPATH=/home/leopan/Programming/ros-ws-2026/build/teleop/prefix_override:/usr/lib/python3/dist-packages/colcon_core/task/python/colcon_distutils_commands:/home/leopan/Programming/ros-ws-2026/install/teleop/lib/python3.12/site-packages:${PYTHONPATH} /usr/bin/python3 -W ignore:setup.py install is deprecated -W ignore:easy_install command is deprecated setup.py egg_info --egg-base ../../build/teleop build --build-base /home/leopan/Programming/ros-ws-2026/build/teleop/build install --record /home/leopan/Programming/ros-ws-2026/build/teleop/install.log --single-version-externally-managed install_data
[0.627s] running egg_info
[0.640s] writing ../../build/teleop/teleop.egg-info/PKG-INFO
[0.640s] writing dependency_links to ../../build/teleop/teleop.egg-info/dependency_links.txt
[0.641s] writing entry points to ../../build/teleop/teleop.egg-info/entry_points.txt
[0.641s] writing requirements to ../../build/teleop/teleop.egg-info/requires.txt
[0.641s] writing top-level names to ../../build/teleop/teleop.egg-info/top_level.txt
[0.663s] reading manifest file '../../build/teleop/teleop.egg-info/SOURCES.txt'
[0.663s] adding license file 'LICENSE'
[0.664s] writing manifest file '../../build/teleop/teleop.egg-info/SOURCES.txt'
[0.664s] running build
[0.664s] running build_py
[0.664s] running install
[0.667s] running install_lib
[0.677s] running install_data
[0.678s] running install_egg_info
[0.688s] removing '/home/leopan/Programming/ros-ws-2026/install/teleop/lib/python3.12/site-packages/teleop-0.0.0-py3.12.egg-info' (and everything under it)
[0.688s] Copying ../../build/teleop/teleop.egg-info to /home/leopan/Programming/ros-ws-2026/install/teleop/lib/python3.12/site-packages/teleop-0.0.0-py3.12.egg-info
[0.689s] running install_scripts
[0.760s] Installing driver_station script to /home/leopan/Programming/ros-ws-2026/install/teleop/lib/teleop
[0.760s] Installing teleop script to /home/leopan/Programming/ros-ws-2026/install/teleop/lib/teleop
[0.760s] writing list of installed files to '/home/leopan/Programming/ros-ws-2026/build/teleop/install.log'
[0.775s] Invoked command in '/home/leopan/Programming/ros-ws-2026/src/teleop' returned '0': PYTHONPATH=/home/leopan/Programming/ros-ws-2026/build/teleop/prefix_override:/usr/lib/python3/dist-packages/colcon_core/task/python/colcon_distutils_commands:/home/leopan/Programming/ros-ws-2026/install/teleop/lib/python3.12/site-packages:${PYTHONPATH} /usr/bin/python3 -W ignore:setup.py install is deprecated -W ignore:easy_install command is deprecated setup.py egg_info --egg-base ../../build/teleop build --build-base /home/leopan/Programming/ros-ws-2026/build/teleop/build install --record /home/leopan/Programming/ros-ws-2026/build/teleop/install.log --single-version-externally-managed install_data
