running egg_info
creating ../../build/teleop/teleop.egg-info
writing ../../build/teleop/teleop.egg-info/PKG-INFO
writing dependency_links to ../../build/teleop/teleop.egg-info/dependency_links.txt
writing entry points to ../../build/teleop/teleop.egg-info/entry_points.txt
writing requirements to ../../build/teleop/teleop.egg-info/requires.txt
writing top-level names to ../../build/teleop/teleop.egg-info/top_level.txt
writing manifest file '../../build/teleop/teleop.egg-info/SOURCES.txt'
reading manifest file '../../build/teleop/teleop.egg-info/SOURCES.txt'
adding license file 'LICENSE'
writing manifest file '../../build/teleop/teleop.egg-info/SOURCES.txt'
running build
running build_py
creating /home/leopan/Programming/ros-ws-2026/build/teleop/build
creating /home/leopan/Programming/ros-ws-2026/build/teleop/build/lib
creating /home/leopan/Programming/ros-ws-2026/build/teleop/build/lib/teleop
copying teleop/driver_station.py -> /home/leopan/Programming/ros-ws-2026/build/teleop/build/lib/teleop
copying teleop/__init__.py -> /home/leopan/Programming/ros-ws-2026/build/teleop/build/lib/teleop
running install
running install_lib
creating /home/leopan/Programming/ros-ws-2026/install/teleop/lib/python3.12/site-packages/teleop
copying /home/leopan/Programming/ros-ws-2026/build/teleop/build/lib/teleop/driver_station.py -> /home/leopan/Programming/ros-ws-2026/install/teleop/lib/python3.12/site-packages/teleop
copying /home/leopan/Programming/ros-ws-2026/build/teleop/build/lib/teleop/__init__.py -> /home/leopan/Programming/ros-ws-2026/install/teleop/lib/python3.12/site-packages/teleop
byte-compiling /home/leopan/Programming/ros-ws-2026/install/teleop/lib/python3.12/site-packages/teleop/driver_station.py to driver_station.cpython-312.pyc
byte-compiling /home/leopan/Programming/ros-ws-2026/install/teleop/lib/python3.12/site-packages/teleop/__init__.py to __init__.cpython-312.pyc
running install_data
creating /home/leopan/Programming/ros-ws-2026/install/teleop/share/ament_index
creating /home/leopan/Programming/ros-ws-2026/install/teleop/share/ament_index/resource_index
creating /home/leopan/Programming/ros-ws-2026/install/teleop/share/ament_index/resource_index/packages
copying resource/teleop -> /home/leopan/Programming/ros-ws-2026/install/teleop/share/ament_index/resource_index/packages
copying package.xml -> /home/leopan/Programming/ros-ws-2026/install/teleop/share/teleop
running install_egg_info
Copying ../../build/teleop/teleop.egg-info to /home/leopan/Programming/ros-ws-2026/install/teleop/lib/python3.12/site-packages/teleop-0.0.0-py3.12.egg-info
running install_scripts
Installing driver_station script to /home/leopan/Programming/ros-ws-2026/install/teleop/lib/teleop
writing list of installed files to '/home/leopan/Programming/ros-ws-2026/build/teleop/install.log'
