[0.482s] Invoking command in '/home/leopan/Programming/ros-ws-2026/src/teleop': PYTHONPATH=/home/leopan/Programming/ros-ws-2026/build/teleop/prefix_override:/usr/lib/python3/dist-packages/colcon_core/task/python/colcon_distutils_commands:/home/leopan/Programming/ros-ws-2026/install/teleop/lib/python3.12/site-packages:${PYTHONPATH} /usr/bin/python3 -W ignore:setup.py install is deprecated -W ignore:easy_install command is deprecated setup.py egg_info --egg-base ../../build/teleop build --build-base /home/leopan/Programming/ros-ws-2026/build/teleop/build install --record /home/leopan/Programming/ros-ws-2026/build/teleop/install.log --single-version-externally-managed install_data
[0.676s] running egg_info
[0.686s] writing ../../build/teleop/teleop.egg-info/PKG-INFO
[0.686s] writing dependency_links to ../../build/teleop/teleop.egg-info/dependency_links.txt
[0.686s] writing entry points to ../../build/teleop/teleop.egg-info/entry_points.txt
[0.686s] writing requirements to ../../build/teleop/teleop.egg-info/requires.txt
[0.686s] writing top-level names to ../../build/teleop/teleop.egg-info/top_level.txt
[0.709s] reading manifest file '../../build/teleop/teleop.egg-info/SOURCES.txt'
[0.709s] adding license file 'LICENSE'
[0.709s] writing manifest file '../../build/teleop/teleop.egg-info/SOURCES.txt'
[0.710s] running build
[0.710s] running build_py
[0.710s] copying teleop/teleop_bot.py -> /home/leopan/Programming/ros-ws-2026/build/teleop/build/lib/teleop
[0.710s] running install
[0.714s] running install_lib
[0.724s] copying /home/leopan/Programming/ros-ws-2026/build/teleop/build/lib/teleop/teleop_bot.py -> /home/leopan/Programming/ros-ws-2026/install/teleop/lib/python3.12/site-packages/teleop
[0.724s] byte-compiling /home/leopan/Programming/ros-ws-2026/install/teleop/lib/python3.12/site-packages/teleop/teleop_bot.py to teleop_bot.cpython-312.pyc
[0.725s] running install_data
[0.725s] running install_egg_info
[0.736s] removing '/home/leopan/Programming/ros-ws-2026/install/teleop/lib/python3.12/site-packages/teleop-0.0.0-py3.12.egg-info' (and everything under it)
[0.737s] Copying ../../build/teleop/teleop.egg-info to /home/leopan/Programming/ros-ws-2026/install/teleop/lib/python3.12/site-packages/teleop-0.0.0-py3.12.egg-info
[0.737s] running install_scripts
[0.817s] Installing driver_station script to /home/leopan/Programming/ros-ws-2026/install/teleop/lib/teleop
[0.817s] Installing teleop script to /home/leopan/Programming/ros-ws-2026/install/teleop/lib/teleop
[0.818s] writing list of installed files to '/home/leopan/Programming/ros-ws-2026/build/teleop/install.log'
[0.832s] Invoked command in '/home/leopan/Programming/ros-ws-2026/src/teleop' returned '0': PYTHONPATH=/home/leopan/Programming/ros-ws-2026/build/teleop/prefix_override:/usr/lib/python3/dist-packages/colcon_core/task/python/colcon_distutils_commands:/home/leopan/Programming/ros-ws-2026/install/teleop/lib/python3.12/site-packages:${PYTHONPATH} /usr/bin/python3 -W ignore:setup.py install is deprecated -W ignore:easy_install command is deprecated setup.py egg_info --egg-base ../../build/teleop build --build-base /home/leopan/Programming/ros-ws-2026/build/teleop/build install --record /home/leopan/Programming/ros-ws-2026/build/teleop/install.log --single-version-externally-managed install_data
