[0.862s] Invoking command in '/home/leopan/Programming/ros-ws-2026/src/teleop': PYTHONPATH=/home/leopan/Programming/ros-ws-2026/build/teleop/prefix_override:/usr/lib/python3/dist-packages/colcon_core/task/python/colcon_distutils_commands:/home/leopan/Programming/ros-ws-2026/install/teleop/lib/python3.12/site-packages:${PYTHONPATH} /usr/bin/python3 -W ignore:setup.py install is deprecated -W ignore:easy_install command is deprecated setup.py egg_info --egg-base ../../build/teleop build --build-base /home/leopan/Programming/ros-ws-2026/build/teleop/build install --record /home/leopan/Programming/ros-ws-2026/build/teleop/install.log --single-version-externally-managed install_data
[1.030s] running egg_info
[1.040s] writing ../../build/teleop/teleop.egg-info/PKG-INFO
[1.040s] writing dependency_links to ../../build/teleop/teleop.egg-info/dependency_links.txt
[1.041s] writing entry points to ../../build/teleop/teleop.egg-info/entry_points.txt
[1.041s] writing requirements to ../../build/teleop/teleop.egg-info/requires.txt
[1.041s] writing top-level names to ../../build/teleop/teleop.egg-info/top_level.txt
[1.061s] reading manifest file '../../build/teleop/teleop.egg-info/SOURCES.txt'
[1.061s] adding license file 'LICENSE'
[1.062s] writing manifest file '../../build/teleop/teleop.egg-info/SOURCES.txt'
[1.062s] running build
[1.062s] running build_py
[1.062s] copying teleop/teleop_bot.py -> /home/leopan/Programming/ros-ws-2026/build/teleop/build/lib/teleop
[1.062s] copying teleop/driver_station.py -> /home/leopan/Programming/ros-ws-2026/build/teleop/build/lib/teleop
[1.062s] running install
[1.066s] running install_lib
[1.076s] copying /home/leopan/Programming/ros-ws-2026/build/teleop/build/lib/teleop/teleop_bot.py -> /home/leopan/Programming/ros-ws-2026/install/teleop/lib/python3.12/site-packages/teleop
[1.076s] copying /home/leopan/Programming/ros-ws-2026/build/teleop/build/lib/teleop/driver_station.py -> /home/leopan/Programming/ros-ws-2026/install/teleop/lib/python3.12/site-packages/teleop
[1.076s] byte-compiling /home/leopan/Programming/ros-ws-2026/install/teleop/lib/python3.12/site-packages/teleop/teleop_bot.py to teleop_bot.cpython-312.pyc
[1.076s] byte-compiling /home/leopan/Programming/ros-ws-2026/install/teleop/lib/python3.12/site-packages/teleop/driver_station.py to driver_station.cpython-312.pyc
[1.077s] running install_data
[1.077s] running install_egg_info
[1.088s] removing '/home/leopan/Programming/ros-ws-2026/install/teleop/lib/python3.12/site-packages/teleop-0.0.0-py3.12.egg-info' (and everything under it)
[1.088s] Copying ../../build/teleop/teleop.egg-info to /home/leopan/Programming/ros-ws-2026/install/teleop/lib/python3.12/site-packages/teleop-0.0.0-py3.12.egg-info
[1.089s] running install_scripts
[1.163s] Installing driver_station script to /home/leopan/Programming/ros-ws-2026/install/teleop/lib/teleop
[1.163s] writing list of installed files to '/home/leopan/Programming/ros-ws-2026/build/teleop/install.log'
[1.177s] Invoked command in '/home/leopan/Programming/ros-ws-2026/src/teleop' returned '0': PYTHONPATH=/home/leopan/Programming/ros-ws-2026/build/teleop/prefix_override:/usr/lib/python3/dist-packages/colcon_core/task/python/colcon_distutils_commands:/home/leopan/Programming/ros-ws-2026/install/teleop/lib/python3.12/site-packages:${PYTHONPATH} /usr/bin/python3 -W ignore:setup.py install is deprecated -W ignore:easy_install command is deprecated setup.py egg_info --egg-base ../../build/teleop build --build-base /home/leopan/Programming/ros-ws-2026/build/teleop/build install --record /home/leopan/Programming/ros-ws-2026/build/teleop/install.log --single-version-externally-managed install_data
