[0.488s] Invoking command in '/home/leopan/Programming/ros-ws-2026/src/teleop': PYTHONPATH=/home/leopan/Programming/ros-ws-2026/build/teleop/prefix_override:/usr/lib/python3/dist-packages/colcon_core/task/python/colcon_distutils_commands:/home/leopan/Programming/ros-ws-2026/install/teleop/lib/python3.12/site-packages:${PYTHONPATH} /usr/bin/python3 -W ignore:setup.py install is deprecated -W ignore:easy_install command is deprecated setup.py egg_info --egg-base ../../build/teleop build --build-base /home/leopan/Programming/ros-ws-2026/build/teleop/build install --record /home/leopan/Programming/ros-ws-2026/build/teleop/install.log --single-version-externally-managed install_data
[0.660s] running egg_info
[0.670s] writing ../../build/teleop/teleop.egg-info/PKG-INFO
[0.670s] writing dependency_links to ../../build/teleop/teleop.egg-info/dependency_links.txt
[0.670s] writing entry points to ../../build/teleop/teleop.egg-info/entry_points.txt
[0.671s] writing requirements to ../../build/teleop/teleop.egg-info/requires.txt
[0.671s] writing top-level names to ../../build/teleop/teleop.egg-info/top_level.txt
[0.691s] reading manifest file '../../build/teleop/teleop.egg-info/SOURCES.txt'
[0.692s] adding license file 'LICENSE'
[0.692s] writing manifest file '../../build/teleop/teleop.egg-info/SOURCES.txt'
[0.692s] running build
[0.692s] running build_py
[0.693s] copying teleop/driver_station.py -> /home/leopan/Programming/ros-ws-2026/build/teleop/build/lib/teleop
[0.693s] running install
[0.696s] running install_lib
[0.707s] copying /home/leopan/Programming/ros-ws-2026/build/teleop/build/lib/teleop/driver_station.py -> /home/leopan/Programming/ros-ws-2026/install/teleop/lib/python3.12/site-packages/teleop
[0.708s] byte-compiling /home/leopan/Programming/ros-ws-2026/install/teleop/lib/python3.12/site-packages/teleop/driver_station.py to driver_station.cpython-312.pyc
[0.708s] running install_data
[0.708s] running install_egg_info
[0.719s] removing '/home/leopan/Programming/ros-ws-2026/install/teleop/lib/python3.12/site-packages/teleop-0.0.0-py3.12.egg-info' (and everything under it)
[0.720s] Copying ../../build/teleop/teleop.egg-info to /home/leopan/Programming/ros-ws-2026/install/teleop/lib/python3.12/site-packages/teleop-0.0.0-py3.12.egg-info
[0.720s] running install_scripts
[0.793s] Installing driver_station script to /home/leopan/Programming/ros-ws-2026/install/teleop/lib/teleop
[0.793s] writing list of installed files to '/home/leopan/Programming/ros-ws-2026/build/teleop/install.log'
[0.810s] Invoked command in '/home/leopan/Programming/ros-ws-2026/src/teleop' returned '0': PYTHONPATH=/home/leopan/Programming/ros-ws-2026/build/teleop/prefix_override:/usr/lib/python3/dist-packages/colcon_core/task/python/colcon_distutils_commands:/home/leopan/Programming/ros-ws-2026/install/teleop/lib/python3.12/site-packages:${PYTHONPATH} /usr/bin/python3 -W ignore:setup.py install is deprecated -W ignore:easy_install command is deprecated setup.py egg_info --egg-base ../../build/teleop build --build-base /home/leopan/Programming/ros-ws-2026/build/teleop/build install --record /home/leopan/Programming/ros-ws-2026/build/teleop/install.log --single-version-externally-managed install_data
